Flow report for VGA_Controller
Tue May 01 12:19:41 2018
Quartus II 64-Bit Version 14.1.0 Build 186 12/03/2014 SJ Web Edition


---------------------
; Table of Contents ;
---------------------
  1. Legal Notice
  2. Flow Summary
  3. Flow Settings
  4. Flow Non-Default Global Settings
  5. Flow Elapsed Time
  6. Flow OS Summary
  7. Flow Log
  8. Flow Messages
  9. Flow Suppressed Messages



----------------
; Legal Notice ;
----------------
Copyright (C) 1991-2014 Altera Corporation. All rights reserved.
Your use of Altera Corporation's design tools, logic functions 
and other software and tools, and its AMPP partner logic 
functions, and any output files from any of the foregoing 
(including device programming or simulation files), and any 
associated documentation or information are expressly subject 
to the terms and conditions of the Altera Program License 
Subscription Agreement, the Altera Quartus II License Agreement,
the Altera MegaCore Function License Agreement, or other 
applicable license agreement, including, without limitation, 
that your use is for the sole purpose of programming logic 
devices manufactured by Altera and sold by Altera or its 
authorized distributors.  Please refer to the applicable 
agreement for further details.



+------------------------------------------------------------------------------+
; Flow Summary                                                                 ;
+---------------------------------+--------------------------------------------+
; Flow Status                     ; Successful - Tue May 01 12:19:30 2018      ;
; Quartus II 64-Bit Version       ; 14.1.0 Build 186 12/03/2014 SJ Web Edition ;
; Revision Name                   ; VGA_Controller                             ;
; Top-level Entity Name           ; Vga_Top_Design                             ;
; Family                          ; Cyclone V                                  ;
; Device                          ; 5CSEMA5F31C6                               ;
; Timing Models                   ; Final                                      ;
; Logic utilization (in ALMs)     ; 140 / 32,070 ( < 1 % )                     ;
; Total registers                 ; 97                                         ;
; Total pins                      ; 39 / 457 ( 9 % )                           ;
; Total virtual pins              ; 0                                          ;
; Total block memory bits         ; 0 / 4,065,280 ( 0 % )                      ;
; Total DSP Blocks                ; 0 / 87 ( 0 % )                             ;
; Total HSSI RX PCSs              ; 0                                          ;
; Total HSSI PMA RX Deserializers ; 0                                          ;
; Total HSSI TX PCSs              ; 0                                          ;
; Total HSSI PMA TX Serializers   ; 0                                          ;
; Total PLLs                      ; 1 / 6 ( 17 % )                             ;
; Total DLLs                      ; 0 / 4 ( 0 % )                              ;
+---------------------------------+--------------------------------------------+


+-----------------------------------------+
; Flow Settings                           ;
+-------------------+---------------------+
; Option            ; Setting             ;
+-------------------+---------------------+
; Start date & time ; 05/01/2018 12:18:14 ;
; Main task         ; Compilation         ;
; Revision Name     ; VGA_Controller      ;
+-------------------+---------------------+


+-----------------------------------------------------------------------------------------------------------------------------------------------------+
; Flow Non-Default Global Settings                                                                                                                    ;
+-------------------------------------+----------------------------------------------------------------+----------------+----------------+------------+
; Assignment Name                     ; Value                                                          ; Default Value  ; Entity Name    ; Section Id ;
+-------------------------------------+----------------------------------------------------------------+----------------+----------------+------------+
; COMPILER_SIGNATURE_ID               ; 220295147933179.152516629411616                                ; --             ; --             ; --         ;
; MAX_CORE_JUNCTION_TEMP              ; 85                                                             ; --             ; --             ; --         ;
; MIN_CORE_JUNCTION_TEMP              ; 0                                                              ; --             ; --             ; --         ;
; MISC_FILE                           ; Pll_50_to_25/synthesis/../Pll_50_to_25.cmp                     ; --             ; --             ; --         ;
; MISC_FILE                           ; Pll_50_to_25/synthesis/../../Pll_50_to_25.qsys                 ; --             ; --             ; --         ;
; PARTITION_COLOR                     ; 16764057                                                       ; --             ; Vga_Top_Design ; Top        ;
; PARTITION_FITTER_PRESERVATION_LEVEL ; PLACEMENT_AND_ROUTING                                          ; --             ; Vga_Top_Design ; Top        ;
; PARTITION_NETLIST_TYPE              ; SOURCE                                                         ; --             ; Vga_Top_Design ; Top        ;
; POWER_BOARD_THERMAL_MODEL           ; None (CONSERVATIVE)                                            ; --             ; --             ; --         ;
; POWER_PRESET_COOLING_SOLUTION       ; 23 MM HEAT SINK WITH 200 LFPM AIRFLOW                          ; --             ; --             ; --         ;
; PROJECT_OUTPUT_DIRECTORY            ; output_files                                                   ; --             ; --             ; --         ;
; SLD_FILE                            ; Pll_50_to_25/synthesis/Pll_50_to_25.debuginfo                  ; --             ; --             ; --         ;
; SLD_INFO                            ; QSYS_NAME Pll_50_to_25 HAS_SOPCINFO 1 GENERATION_ID 1524390071 ; --             ; Pll_50_to_25   ; --         ;
; SOPCINFO_FILE                       ; Pll_50_to_25/synthesis/../../Pll_50_to_25.sopcinfo             ; --             ; --             ; --         ;
; SYNTHESIS_ONLY_QIP                  ; On                                                             ; --             ; --             ; --         ;
; TOP_LEVEL_ENTITY                    ; Vga_Top_Design                                                 ; VGA_Controller ; --             ; --         ;
+-------------------------------------+----------------------------------------------------------------+----------------+----------------+------------+


+-------------------------------------------------------------------------------------------------------------------------------+
; Flow Elapsed Time                                                                                                             ;
+---------------------------+--------------+-------------------------+---------------------+------------------------------------+
; Module Name               ; Elapsed Time ; Average Processors Used ; Peak Virtual Memory ; Total CPU Time (on all processors) ;
+---------------------------+--------------+-------------------------+---------------------+------------------------------------+
; Analysis & Synthesis      ; 00:00:13     ; 1.0                     ; 784 MB              ; 00:00:29                           ;
; Fitter                    ; 00:00:48     ; 1.3                     ; 2419 MB             ; 00:01:12                           ;
; Assembler                 ; 00:00:10     ; 1.0                     ; 761 MB              ; 00:00:10                           ;
; TimeQuest Timing Analyzer ; 00:00:09     ; 1.0                     ; 1088 MB             ; 00:00:08                           ;
; Total                     ; 00:01:20     ; --                      ; --                  ; 00:01:59                           ;
+---------------------------+--------------+-------------------------+---------------------+------------------------------------+


+----------------------------------------------------------------------------------------+
; Flow OS Summary                                                                        ;
+---------------------------+------------------+-----------+------------+----------------+
; Module Name               ; Machine Hostname ; OS Name   ; OS Version ; Processor type ;
+---------------------------+------------------+-----------+------------+----------------+
; Analysis & Synthesis      ; LAPTOP-UM2E9AUU  ; Windows 7 ; 6.2        ; x86_64         ;
; Fitter                    ; LAPTOP-UM2E9AUU  ; Windows 7 ; 6.2        ; x86_64         ;
; Assembler                 ; LAPTOP-UM2E9AUU  ; Windows 7 ; 6.2        ; x86_64         ;
; TimeQuest Timing Analyzer ; LAPTOP-UM2E9AUU  ; Windows 7 ; 6.2        ; x86_64         ;
+---------------------------+------------------+-----------+------------+----------------+


------------
; Flow Log ;
------------
quartus_map --read_settings_files=on --write_settings_files=off VGA_Controller -c VGA_Controller
quartus_fit --read_settings_files=off --write_settings_files=off VGA_Controller -c VGA_Controller
quartus_asm --read_settings_files=off --write_settings_files=off VGA_Controller -c VGA_Controller
quartus_sta VGA_Controller -c VGA_Controller



